<?xml version="1.0" encoding="UTF-8"?>
<robot generator="Robot 3.2.1 (Python 3.6.5 on win32)" generated="20200520 15:29:30.663" rpa="false">
<suite id="s1" name="T1" source="F:\PycharmProjects\untitled\rf1222\day1\t1.robot">
<test id="s1-t1" name="case1">
<kw name="Open Browser" library="SeleniumLibrary">
<doc>Opens a new browser instance to the optional ``url``.</doc>
<arguments>
<arg>http://baidu.com</arg>
<arg>chrome</arg>
</arguments>
<msg timestamp="20200520 15:29:30.866" level="INFO">Opening browser 'chrome' to base url 'http://baidu.com'.</msg>
<kw name="Capture Page Screenshot" library="SeleniumLibrary">
<doc>Takes a screenshot of the current page and embeds it into a log file.</doc>
<msg timestamp="20200520 15:29:30.870" level="INFO">Cannot capture screenshot because no browser is open.</msg>
<status status="PASS" starttime="20200520 15:29:30.870" endtime="20200520 15:29:30.870"></status>
</kw>
<msg timestamp="20200520 15:29:30.872" level="FAIL">WebDriverException: Message: 'chromedriver' executable needs to be in PATH. Please see https://sites.google.com/a/chromium.org/chromedriver/home
</msg>
<status status="FAIL" starttime="20200520 15:29:30.865" endtime="20200520 15:29:30.872"></status>
</kw>
<doc>自动化搜索松勤</doc>
<status status="FAIL" starttime="20200520 15:29:30.864" endtime="20200520 15:29:30.872" critical="yes">WebDriverException: Message: 'chromedriver' executable needs to be in PATH. Please see https://sites.google.com/a/chromium.org/chromedriver/home
</status>
</test>
<test id="s1-t2" name="case2">
<kw name="Log To Console" library="BuiltIn">
<doc>Logs the given message to the console.</doc>
<arguments>
<arg>用例2</arg>
</arguments>
<status status="PASS" starttime="20200520 15:29:30.873" endtime="20200520 15:29:30.873"></status>
</kw>
<status status="PASS" starttime="20200520 15:29:30.873" endtime="20200520 15:29:30.874" critical="yes"></status>
</test>
<test id="s1-t3" name="case3">
<kw name="Log To Console" library="BuiltIn">
<doc>Logs the given message to the console.</doc>
<arguments>
<arg>用例3</arg>
</arguments>
<status status="PASS" starttime="20200520 15:29:30.876" endtime="20200520 15:29:30.876"></status>
</kw>
<status status="PASS" starttime="20200520 15:29:30.875" endtime="20200520 15:29:30.876" critical="yes"></status>
</test>
<status status="FAIL" starttime="20200520 15:29:30.664" endtime="20200520 15:29:30.877"></status>
</suite>
<statistics>
<total>
<stat pass="2" fail="1">Critical Tests</stat>
<stat pass="2" fail="1">All Tests</stat>
</total>
<tag>
</tag>
<suite>
<stat pass="2" fail="1" id="s1" name="T1">T1</stat>
</suite>
</statistics>
<errors>
</errors>
</robot>
