<?xml version="1.0" encoding="UTF-8"?>
<robot generator="Robot 3.2.1 (Python 3.6.5 on win32)" generated="20200529 12:22:40.081" rpa="false">
<suite id="s1" name="Tc" source="F:\PycharmProjects\untitled\rf1222\day6\tc">
<suite id="s1-s1" name="webUI测试" source="F:\PycharmProjects\untitled\rf1222\day6\tc\webUI测试">
<kw name="setupwebtest" library="rc" type="setup">
<kw name="Open Browser" library="SeleniumLibrary">
<doc>Opens a new browser instance to the optional ``url``.</doc>
<arguments>
<arg>http://baidu.com</arg>
<arg>chrome</arg>
</arguments>
<msg timestamp="20200529 12:22:40.273" level="INFO">Opening browser 'chrome' to base url 'http://baidu.com'.</msg>
<status status="PASS" starttime="20200529 12:22:40.272" endtime="20200529 12:22:44.312"></status>
</kw>
<kw name="Set Selenium Implicit Wait" library="SeleniumLibrary">
<doc>Sets the implicit wait value used by Selenium.</doc>
<arguments>
<arg>10</arg>
</arguments>
<status status="PASS" starttime="20200529 12:22:44.312" endtime="20200529 12:22:44.313"></status>
</kw>
<kw name="Log To Console" library="BuiltIn">
<doc>Logs the given message to the console.</doc>
<arguments>
<arg>打开浏览器</arg>
</arguments>
<status status="PASS" starttime="20200529 12:22:44.313" endtime="20200529 12:22:44.313"></status>
</kw>
<status status="PASS" starttime="20200529 12:22:40.272" endtime="20200529 12:22:44.313"></status>
</kw>
<suite id="s1-s1-s1" name="管理员操作" source="F:\PycharmProjects\untitled\rf1222\day6\tc\webUI测试\管理员操作">
<kw name="loginwebsite" library="rc" type="setup">
<kw name="Go To" library="SeleniumLibrary">
<doc>Navigates the current browser window to the provided ``url``.</doc>
<arguments>
<arg>${MgrLoginUrl}</arg>
</arguments>
<msg timestamp="20200529 12:22:44.319" level="INFO">Opening url 'http://localhost/mgr/login/login.html'</msg>
<status status="PASS" starttime="20200529 12:22:44.319" endtime="20200529 12:22:44.954"></status>
</kw>
<kw name="Set Selenium Implicit Wait" library="SeleniumLibrary">
<doc>Sets the implicit wait value used by Selenium.</doc>
<arguments>
<arg>2</arg>
</arguments>
<status status="PASS" starttime="20200529 12:22:44.954" endtime="20200529 12:22:44.955"></status>
</kw>
<kw name="Input Text" library="SeleniumLibrary">
<doc>Types the given ``text`` into the text field identified by ``locator``.</doc>
<arguments>
<arg>id=username</arg>
<arg>&amp;{user1}[name]</arg>
</arguments>
<msg timestamp="20200529 12:22:44.955" level="WARN">Accessing variable items using '&amp;{user1}[name]' syntax is deprecated. Use '${user1}[name]' instead.</msg>
<msg timestamp="20200529 12:22:44.956" level="INFO">Typing text 'auto' into text field 'id=username'.</msg>
<status status="PASS" starttime="20200529 12:22:44.955" endtime="20200529 12:22:45.026"></status>
</kw>
<kw name="Input Text" library="SeleniumLibrary">
<doc>Types the given ``text`` into the text field identified by ``locator``.</doc>
<arguments>
<arg>id=password</arg>
<arg>&amp;{user1}[pw]</arg>
</arguments>
<msg timestamp="20200529 12:22:45.026" level="WARN">Accessing variable items using '&amp;{user1}[pw]' syntax is deprecated. Use '${user1}[pw]' instead.</msg>
<msg timestamp="20200529 12:22:45.026" level="INFO">Typing text 'sdfsdfsdf' into text field 'id=password'.</msg>
<status status="PASS" starttime="20200529 12:22:45.026" endtime="20200529 12:22:45.102"></status>
</kw>
<kw name="Click Element" library="SeleniumLibrary">
<doc>Click the element identified by ``locator``.</doc>
<arguments>
<arg>css=.btn-success</arg>
</arguments>
<msg timestamp="20200529 12:22:45.102" level="INFO">Clicking element 'css=.btn-success'.</msg>
<status status="PASS" starttime="20200529 12:22:45.102" endtime="20200529 12:22:45.139"></status>
</kw>
<status status="PASS" starttime="20200529 12:22:44.319" endtime="20200529 12:22:45.139"></status>
</kw>
<suite id="s1-s1-s1-s1" name="老师管理" source="F:\PycharmProjects\untitled\rf1222\day6\tc\webUI测试\管理员操作\老师管理">
<suite id="s1-s1-s1-s1-s1" name="添加老师" source="F:\PycharmProjects\untitled\rf1222\day6\tc\webUI测试\管理员操作\老师管理\添加老师.robot">
<test id="s1-s1-s1-s1-s1-t1" name="添加老师1">
<kw name="Run Keywords" library="BuiltIn" type="setup">
<doc>Executes all the given keywords in a sequence.</doc>
<arguments>
<arg>deleteAllTeacher</arg>
<arg>AND</arg>
<arg>deleteAllLesson</arg>
<arg>AND</arg>
<arg>addcourse</arg>
<arg>初中语文</arg>
<arg>语文课</arg>
<arg>2</arg>
<arg>AND</arg>
<arg>addCourse</arg>
<arg>初中数学</arg>
<arg>数学课</arg>
<arg>1</arg>
</arguments>
<kw name="deleteAllTeacher" library="rc">
<kw name="Click Element" library="SeleniumLibrary">
<doc>Click the element identified by ``locator``.</doc>
<arguments>
<arg>css=[ui-sref="teacher"]</arg>
</arguments>
<msg timestamp="20200529 12:22:45.151" level="INFO">Clicking element 'css=[ui-sref="teacher"]'.</msg>
<status status="PASS" starttime="20200529 12:22:45.151" endtime="20200529 12:22:45.641"></status>
</kw>
<kw name="Set Selenium Implicit Wait" library="SeleniumLibrary">
<doc>Sets the implicit wait value used by Selenium.</doc>
<arguments>
<arg>3</arg>
</arguments>
<status status="PASS" starttime="20200529 12:22:45.641" endtime="20200529 12:22:45.642"></status>
</kw>
<kw name="${i} IN RANGE [ 9999 ]" type="for">
<kw name="${i} = 0" type="foritem">
<kw name="Get WebElements" library="SeleniumLibrary">
<doc>Returns a list of WebElement objects matching the ``locator``.</doc>
<arguments>
<arg>css=[ng-click="delOne(one)"]</arg>
</arguments>
<assign>
<var>${del_btns}</var>
</assign>
<msg timestamp="20200529 12:22:45.938" level="INFO">${del_btns} = []</msg>
<status status="PASS" starttime="20200529 12:22:45.642" endtime="20200529 12:22:45.938"></status>
</kw>
<kw name="Exit For Loop If" library="BuiltIn">
<doc>Stops executing the enclosing for loop if the ``condition`` is true.</doc>
<arguments>
<arg>$del_btns==[]</arg>
</arguments>
<msg timestamp="20200529 12:22:45.944" level="INFO">Exiting for loop altogether.</msg>
<status status="PASS" starttime="20200529 12:22:45.938" endtime="20200529 12:22:45.944"></status>
</kw>
<status status="PASS" starttime="20200529 12:22:45.642" endtime="20200529 12:22:45.944"></status>
</kw>
<status status="PASS" starttime="20200529 12:22:45.642" endtime="20200529 12:22:45.944"></status>
</kw>
<kw name="Set Selenium Implicit Wait" library="SeleniumLibrary">
<doc>Sets the implicit wait value used by Selenium.</doc>
<arguments>
<arg>10</arg>
</arguments>
<status status="PASS" starttime="20200529 12:22:45.944" endtime="20200529 12:22:45.945"></status>
</kw>
<status status="PASS" starttime="20200529 12:22:45.150" endtime="20200529 12:22:45.946"></status>
</kw>
<kw name="deleteAllLesson" library="rc">
<kw name="Click Element" library="SeleniumLibrary">
<doc>Click the element identified by ``locator``.</doc>
<arguments>
<arg>css=[ui-sref="course"]</arg>
</arguments>
<msg timestamp="20200529 12:22:45.946" level="INFO">Clicking element 'css=[ui-sref="course"]'.</msg>
<kw name="Capture Page Screenshot" library="SeleniumLibrary">
<doc>Takes a screenshot of the current page and embeds it into a log file.</doc>
<msg timestamp="20200529 12:22:45.953" level="FAIL">NoSuchWindowException: Message: no such window: target window already closed
from unknown error: web view not found
  (Session info: chrome=83.0.4103.61)
</msg>
<status status="FAIL" starttime="20200529 12:22:45.948" endtime="20200529 12:22:45.953"></status>
</kw>
<msg timestamp="20200529 12:22:45.953" level="WARN">Keyword 'Capture Page Screenshot' could not be run on failure: NoSuchWindowException: Message: no such window: target window already closed
from unknown error: web view not found
  (Session info: chrome=83.0.4103.61)
</msg>
<msg timestamp="20200529 12:22:45.959" level="FAIL">NoSuchWindowException: Message: no such window: target window already closed
from unknown error: web view not found
  (Session info: chrome=83.0.4103.61)
</msg>
<status status="FAIL" starttime="20200529 12:22:45.946" endtime="20200529 12:22:45.959"></status>
</kw>
<status status="FAIL" starttime="20200529 12:22:45.946" endtime="20200529 12:22:45.959"></status>
</kw>
<status status="FAIL" starttime="20200529 12:22:45.150" endtime="20200529 12:22:45.960"></status>
</kw>
<kw name="Run Keywords" library="BuiltIn" type="teardown">
<doc>Executes all the given keywords in a sequence.</doc>
<arguments>
<arg>deleteAllTeacher</arg>
<arg>AND</arg>
<arg>deleteAllLesson</arg>
</arguments>
<kw name="deleteAllTeacher" library="rc">
<kw name="Click Element" library="SeleniumLibrary">
<doc>Click the element identified by ``locator``.</doc>
<arguments>
<arg>css=[ui-sref="teacher"]</arg>
</arguments>
<msg timestamp="20200529 12:22:45.961" level="INFO">Clicking element 'css=[ui-sref="teacher"]'.</msg>
<kw name="Capture Page Screenshot" library="SeleniumLibrary">
<doc>Takes a screenshot of the current page and embeds it into a log file.</doc>
<msg timestamp="20200529 12:22:45.969" level="FAIL">NoSuchWindowException: Message: no such window: target window already closed
from unknown error: web view not found
  (Session info: chrome=83.0.4103.61)
</msg>
<status status="FAIL" starttime="20200529 12:22:45.964" endtime="20200529 12:22:45.969"></status>
</kw>
<msg timestamp="20200529 12:22:45.969" level="WARN">Keyword 'Capture Page Screenshot' could not be run on failure: NoSuchWindowException: Message: no such window: target window already closed
from unknown error: web view not found
  (Session info: chrome=83.0.4103.61)
</msg>
<msg timestamp="20200529 12:22:45.982" level="FAIL">NoSuchWindowException: Message: no such window: target window already closed
from unknown error: web view not found
  (Session info: chrome=83.0.4103.61)
</msg>
<status status="FAIL" starttime="20200529 12:22:45.961" endtime="20200529 12:22:45.982"></status>
</kw>
<kw name="Set Selenium Implicit Wait" library="SeleniumLibrary">
<doc>Sets the implicit wait value used by Selenium.</doc>
<arguments>
<arg>3</arg>
</arguments>
<status status="PASS" starttime="20200529 12:22:45.982" endtime="20200529 12:22:45.984"></status>
</kw>
<kw name="${i} IN RANGE [ 9999 ]" type="for">
<kw name="${i} = 0" type="foritem">
<kw name="Get WebElements" library="SeleniumLibrary">
<doc>Returns a list of WebElement objects matching the ``locator``.</doc>
<arguments>
<arg>css=[ng-click="delOne(one)"]</arg>
</arguments>
<assign>
<var>${del_btns}</var>
</assign>
<kw name="Capture Page Screenshot" library="SeleniumLibrary">
<doc>Takes a screenshot of the current page and embeds it into a log file.</doc>
<msg timestamp="20200529 12:22:45.988" level="FAIL">NoSuchWindowException: Message: no such window: target window already closed
from unknown error: web view not found
  (Session info: chrome=83.0.4103.61)
</msg>
<status status="FAIL" starttime="20200529 12:22:45.986" endtime="20200529 12:22:45.988"></status>
</kw>
<msg timestamp="20200529 12:22:45.988" level="WARN">Keyword 'Capture Page Screenshot' could not be run on failure: NoSuchWindowException: Message: no such window: target window already closed
from unknown error: web view not found
  (Session info: chrome=83.0.4103.61)
</msg>
<msg timestamp="20200529 12:22:45.991" level="INFO">${del_btns} = None</msg>
<msg timestamp="20200529 12:22:45.991" level="FAIL">NoSuchWindowException: Message: no such window: target window already closed
from unknown error: web view not found
  (Session info: chrome=83.0.4103.61)
</msg>
<status status="FAIL" starttime="20200529 12:22:45.984" endtime="20200529 12:22:45.991"></status>
</kw>
<kw name="Exit For Loop If" library="BuiltIn">
<doc>Stops executing the enclosing for loop if the ``condition`` is true.</doc>
<arguments>
<arg>$del_btns==[]</arg>
</arguments>
<status status="PASS" starttime="20200529 12:22:45.992" endtime="20200529 12:22:45.992"></status>
</kw>
<kw name="Evaluate" library="BuiltIn">
<doc>Evaluates the given expression in Python and returns the result.</doc>
<arguments>
<arg>$del_btns[0].click()</arg>
</arguments>
<msg timestamp="20200529 12:22:45.993" level="FAIL">Evaluating expression '$del_btns[0].click()' failed: TypeError: 'NoneType' object is not subscriptable</msg>
<status status="FAIL" starttime="20200529 12:22:45.992" endtime="20200529 12:22:45.993"></status>
</kw>
<kw name="Click Element" library="SeleniumLibrary">
<doc>Click the element identified by ``locator``.</doc>
<arguments>
<arg>css=.btn-primary</arg>
</arguments>
<msg timestamp="20200529 12:22:45.994" level="INFO">Clicking element 'css=.btn-primary'.</msg>
<kw name="Capture Page Screenshot" library="SeleniumLibrary">
<doc>Takes a screenshot of the current page and embeds it into a log file.</doc>
<msg timestamp="20200529 12:22:45.999" level="FAIL">NoSuchWindowException: Message: no such window: target window already closed
from unknown error: web view not found
  (Session info: chrome=83.0.4103.61)
</msg>
<status status="FAIL" starttime="20200529 12:22:45.996" endtime="20200529 12:22:45.999"></status>
</kw>
<msg timestamp="20200529 12:22:45.999" level="WARN">Keyword 'Capture Page Screenshot' could not be run on failure: NoSuchWindowException: Message: no such window: target window already closed
from unknown error: web view not found
  (Session info: chrome=83.0.4103.61)
</msg>
<msg timestamp="20200529 12:22:46.007" level="FAIL">NoSuchWindowException: Message: no such window: target window already closed
from unknown error: web view not found
  (Session info: chrome=83.0.4103.61)
</msg>
<status status="FAIL" starttime="20200529 12:22:45.993" endtime="20200529 12:22:46.008"></status>
</kw>
<kw name="Sleep" library="BuiltIn">
<doc>Pauses the test executed for the given time.</doc>
<arguments>
<arg>2</arg>
</arguments>
<status status="FAIL" starttime="20200529 12:22:46.008" endtime="20200529 12:22:47.836"></status>
</kw>
<status status="FAIL" starttime="20200529 12:22:45.984" endtime="20200529 12:22:47.836"></status>
</kw>
<status status="FAIL" starttime="20200529 12:22:45.984" endtime="20200529 12:22:47.836"></status>
</kw>
<status status="FAIL" starttime="20200529 12:22:45.961" endtime="20200529 12:22:47.836"></status>
</kw>
<status status="FAIL" starttime="20200529 12:22:45.960" endtime="20200529 12:22:47.837">Several failures occurred:

1) NoSuchWindowException: Message: no such window: target window already closed
from unknown error: web view not found
  (Session info: chrome=83.0.4103.61)


2) NoSuchWindowException: Message: no such window: target window already closed
from unknown error: web view not found
  (Session info: chrome=83.0.4103.61)


3) Evaluating expression '$del_btns[0].click()' failed: TypeError: 'NoneType' object is not subscriptable

4) NoSuchWindowException: Message: no such window: target window already closed
from unknown error: web view not found
  (Session info: chrome=83.0.4103.61)


5) Execution terminated by signal</status>
</kw>
<tags>
<tag>回归测试</tag>
<tag>添加老师</tag>
</tags>
<status status="FAIL" starttime="20200529 12:22:45.148" endtime="20200529 12:22:47.837" critical="yes">Setup failed:
NoSuchWindowException: Message: no such window: target window already closed
from unknown error: web view not found
  (Session info: chrome=83.0.4103.61)


Also teardown failed:
Several failures occurred:

1) NoSuchWindowException: Message: no such window: target window already closed
from unknown error: web view not found
  (Session info: chrome=83.0.4103.61)


2) NoSuchWindowException: Message: no such window: target window already closed
from unknown error: web view not found
  (Session info: chrome=83.0.4103.61)


3) Evaluating expression '$del_btns[0].click()' failed: TypeError: 'NoneType' object is not subscriptable

4) NoSuchWindowException: Message: no such window: target window already closed
from unknown error: web view not found
  (Session info: chrome=83.0.4103.61)


5) Execution terminated by signal</status>
</test>
<status status="FAIL" starttime="20200529 12:22:45.143" endtime="20200529 12:22:47.838"></status>
</suite>
<status status="FAIL" starttime="20200529 12:22:45.139" endtime="20200529 12:22:47.841"></status>
</suite>
<suite id="s1-s1-s1-s2" name="课程管理" source="F:\PycharmProjects\untitled\rf1222\day6\tc\webUI测试\管理员操作\课程管理">
<suite id="s1-s1-s1-s2-s1" name="添加课程" source="F:\PycharmProjects\untitled\rf1222\day6\tc\webUI测试\管理员操作\课程管理\添加课程.robot">
<test id="s1-s1-s1-s2-s1-t1" name="添加课程">
<tags>
<tag>robot:exit</tag>
<tag>回归测试</tag>
<tag>添加课程</tag>
</tags>
<status status="FAIL" starttime="20200529 12:22:47.853" endtime="20200529 12:22:47.853" critical="yes">Test execution stopped due to a fatal error.</status>
</test>
<test id="s1-s1-s1-s2-s1-t2" name="添加课程2">
<tags>
<tag>robot:exit</tag>
<tag>回归测试</tag>
</tags>
<status status="FAIL" starttime="20200529 12:22:47.854" endtime="20200529 12:22:47.855" critical="yes">Test execution stopped due to a fatal error.</status>
</test>
<status status="FAIL" starttime="20200529 12:22:47.850" endtime="20200529 12:22:47.855"></status>
</suite>
<status status="FAIL" starttime="20200529 12:22:47.844" endtime="20200529 12:22:47.858"></status>
</suite>
<status status="FAIL" starttime="20200529 12:22:44.313" endtime="20200529 12:22:47.862"></status>
</suite>
<kw name="teardownwebtest" library="rc" type="teardown">
<kw name="Close Browser" library="SeleniumLibrary">
<doc>Closes the current browser.</doc>
<msg timestamp="20200529 12:22:49.875" level="WARN">Retrying (Retry(total=2, connect=None, read=None, redirect=None, status=None)) after connection broken by 'NewConnectionError('&lt;urllib3.connection.HTTPConnection object at 0x03A64630&gt;: Failed to establish a new connection: [WinError 10061] 由于目标计算机积极拒绝，无法连接。',)': /session/df3a43f8af4bb60f92c49d1cb44d4f66</msg>
<errors>
<msg timestamp="20200529 12:22:44.955" level="WARN">Accessing variable items using '&amp;{user1}[name]' syntax is deprecated. Use '${user1}[name]' instead.</msg>
<msg timestamp="20200529 12:22:45.026" level="WARN">Accessing variable items using '&amp;{user1}[pw]' syntax is deprecated. Use '${user1}[pw]' instead.</msg>
<msg timestamp="20200529 12:22:45.953" level="WARN">Keyword 'Capture Page Screenshot' could not be run on failure: NoSuchWindowException: Message: no such window: target window already closed
from unknown error: web view not found
  (Session info: chrome=83.0.4103.61)
</msg>
<msg timestamp="20200529 12:22:45.969" level="WARN">Keyword 'Capture Page Screenshot' could not be run on failure: NoSuchWindowException: Message: no such window: target window already closed
from unknown error: web view not found
  (Session info: chrome=83.0.4103.61)
</msg>
<msg timestamp="20200529 12:22:45.988" level="WARN">Keyword 'Capture Page Screenshot' could not be run on failure: NoSuchWindowException: Message: no such window: target window already closed
from unknown error: web view not found
  (Session info: chrome=83.0.4103.61)
</msg>
<msg timestamp="20200529 12:22:45.999" level="WARN">Keyword 'Capture Page Screenshot' could not be run on failure: NoSuchWindowException: Message: no such window: target window already closed
from unknown error: web view not found
  (Session info: chrome=83.0.4103.61)
</msg>
<msg timestamp="20200529 12:22:49.875" level="WARN">Retrying (Retry(total=2, connect=None, read=None, redirect=None, status=None)) after connection broken by 'NewConnectionError('&lt;urllib3.connection.HTTPConnection object at 0x03A64630&gt;: Failed to establish a new connection: [WinError 10061] 由于目标计算机积极拒绝，无法连接。',)': /session/df3a43f8af4bb60f92c49d1cb44d4f66</msg>
<msg timestamp="20200529 12:22:56.053" level="ERROR">Execution stopped by user.</msg>
</errors>
</robot>
